JUMP 334
STORE 35
RST a
SHL a
INC a
SHL a
SHL a
INC a
SWP d
SWP d
STORE 2
RST a
SHL a
INC a
SWP d
SWP d
STORE 3
RST a
SHL a
INC a
STORE 36
LOAD 1
SWP b
RLOAD b
STORE 37
LOAD 36
SWP b
LOAD 37
SWP b
SUB b
JPOS 136
LOAD 3
SWP c
LOAD 2
SWP d
RST e
RST a
ADD c
JZERO 62
SWP a
SWP f
SHR a
SWP a
SHL a
SWP b
RST a
ADD f
SUB b
JZERO 53
RST a
ADD e
ADD d
SWP e
RST a
ADD d
SHL a
SWP d
RST a
ADD f
SHR a
SWP c
JUMP 36
RST a
ADD e
SWP d
SWP d
STORE 3
LOAD 3
SWP c
LOAD 1
SWP b
RLOAD b
SWP d
RST a
ADD d
JZERO 116
RST e
RST a
RST a
ADD c
SUB d
SWP f
RST a
ADD d
SUB c
JPOS 116
RST a
ADD d
SWP f
RST g
INC g
RST a
ADD f
SHL a
SWP b
RST a
ADD b
SUB c
JPOS 107
RST a
ADD b
SWP f
RST a
ADD g
SHL a
SWP g
JUMP 91
RST a
ADD c
SUB f
SWP c
RST a
ADD e
ADD g
SWP e
JUMP 78
RST a
ADD c
SWP d
SWP d
STORE 3
LOAD 3
SWP d
SWP d
SWP e
LOAD 36
SWP b
RST a
ADD b
SWP b
SWP e
RSTORE b
LOAD 36
INC a
STORE 36
JUMP 25
RST a
SWP d
SWP d
SWP e
LOAD 1
SWP b
RLOAD b
SWP b
RST a
ADD b
SWP b
SWP e
RSTORE b
LOAD 35
RTRN
STORE 38
RST a
SHL a
INC a
SHL a
STORE 39
LOAD 5
SWP b
RLOAD b
STORE 40
LOAD 39
SWP b
LOAD 40
SWP b
SUB b
JPOS 298
LOAD 39
SWP b
RST a
SHL a
INC a
SHL a
SHL a
ADD b
SWP b
RLOAD b
SWP d
SWP d
STORE 6
LOAD 39
SWP d
SWP d
STORE 7
LOAD 7
SWP c
RST a
SHL a
INC a
SWP d
RST a
ADD c
SWP b
RST a
ADD b
SWP b
RST a
ADD c
SUB b
JZERO 279
LOAD 7
SWP b
RST a
SHL a
INC a
SWP b
SUB b
SWP d
SWP d
STORE 8
LOAD 8
SWP b
RST a
SHL a
INC a
SHL a
SHL a
ADD b
SWP b
RLOAD b
SWP c
LOAD 6
SWP d
RST a
ADD c
SWP b
RST a
ADD b
SWP b
RST a
ADD c
SUB b
JZERO 268
LOAD 8
SWP b
RST a
SHL a
INC a
SHL a
SHL a
ADD b
SWP b
RLOAD b
SWP d
SWP d
SWP e
LOAD 7
SWP b
RST a
SHL a
INC a
SHL a
SHL a
ADD b
SWP b
SWP e
RSTORE b
LOAD 7
SWP b
RST a
SHL a
INC a
SWP b
SUB b
SWP d
SWP d
STORE 7
JUMP 278
LOAD 7
SWP d
SWP d
STORE 8
RST a
SHL a
INC a
SWP d
SWP d
STORE 7
JUMP 184
LOAD 6
SWP d
SWP d
SWP e
LOAD 8
SWP b
RST a
SHL a
INC a
SHL a
SHL a
ADD b
SWP b
SWP e
RSTORE b
LOAD 39
INC a
STORE 39
JUMP 161
LOAD 38
RTRN
STORE 41
RST a
SHL a
INC a
STORE 42
LOAD 10
SWP b
RLOAD b
STORE 43
LOAD 42
SWP b
LOAD 43
SWP b
SUB b
JPOS 332
LOAD 42
SWP b
RST a
SHL a
INC a
SHL a
SHL a
SHL a
INC a
ADD b
SWP b
RLOAD b
WRITE
LOAD 42
INC a
STORE 42
JUMP 309
LOAD 41
RTRN
RST a
SHL a
INC a
SHL a
SHL a
INC a
SHL a
INC a
SHL a
INC a
SWP d
SWP d
STORE 34
RST a
SHL a
INC a
SHL a
SHL a
INC a
SHL a
INC a
STORE 0
RST a
SHL a
INC a
SHL a
SHL a
SHL a
SHL a
INC a
SHL a
STORE 1
CALL 1
RST a
SHL a
INC a
SHL a
SHL a
INC a
SHL a
INC a
STORE 9
RST a
SHL a
INC a
SHL a
SHL a
SHL a
SHL a
INC a
SHL a
STORE 10
CALL 300
RST a
SHL a
INC a
SHL a
SHL a
SHL a
INC a
SHL a
SHL a
SHL a
INC a
SHL a
INC a
SHL a
SHL a
SHL a
INC a
SHL a
SHL a
INC a
SHL a
INC a
SHL a
SHL a
SHL a
SHL a
SHL a
SHL a
SHL a
SHL a
INC a
SHL a
SHL a
INC a
SHL a
INC a
SHL a
SHL a
INC a
SHL a
SHL a
SHL a
INC a
SHL a
WRITE
RST a
SHL a
INC a
SHL a
SHL a
INC a
SHL a
INC a
STORE 4
RST a
SHL a
INC a
SHL a
SHL a
SHL a
SHL a
INC a
SHL a
STORE 5
CALL 151
RST a
SHL a
INC a
SHL a
SHL a
INC a
SHL a
INC a
STORE 9
RST a
SHL a
INC a
SHL a
SHL a
SHL a
SHL a
INC a
SHL a
STORE 10
CALL 300
HALT