JUMP 1
READ
SWP d
SWP d
STORE 303
RST a
SWP d
SWP d
SWP e
RST a
SWP b
RST a
ADD b
SWP b
SWP e
RSTORE b
RST a
SHL a
INC a
SWP d
SWP d
SWP e
RST a
SWP b
RST a
SHL a
INC a
SHL a
INC a
SHL a
SHL a
SHL a
INC a
SHL a
SHL a
INC a
ADD b
SWP b
SWP e
RSTORE b
RST a
SWP d
SWP d
SWP e
RST a
SWP b
RST a
SHL a
INC a
SHL a
INC a
SHL a
SHL a
SHL a
INC a
SHL a
SHL a
INC a
SHL a
ADD b
SWP b
SWP e
RSTORE b
RST a
SHL a
INC a
SWP d
SWP d
SWP e
RST a
SHL a
INC a
SWP b
RST a
ADD b
SWP b
SWP e
RSTORE b
RST a
SHL a
INC a
SWP d
SWP d
SWP e
RST a
SHL a
INC a
SWP b
RST a
SHL a
INC a
SHL a
INC a
SHL a
SHL a
SHL a
INC a
SHL a
SHL a
INC a
ADD b
SWP b
SWP e
RSTORE b
RST a
SHL a
INC a
SWP d
SWP d
SWP e
RST a
SHL a
INC a
SWP b
RST a
SHL a
INC a
SHL a
INC a
SHL a
SHL a
SHL a
INC a
SHL a
SHL a
INC a
SHL a
ADD b
SWP b
SWP e
RSTORE b
RST a
SHL a
INC a
SHL a
STORE 306
LOAD 303
STORE 307
LOAD 306
SWP b
LOAD 307
SWP b
SUB b
JPOS 324
LOAD 306
SWP b
RST a
SHL a
INC a
SWP b
SUB b
SWP d
SWP d
STORE 304
LOAD 304
SWP b
RST a
SHL a
INC a
SWP b
SUB b
SWP d
SWP d
STORE 305
LOAD 304
SWP b
RST a
SHL a
INC a
SHL a
INC a
SHL a
SHL a
SHL a
INC a
SHL a
SHL a
INC a
SHL a
ADD b
SWP b
RLOAD b
SWP b
RST a
SHL a
INC a
ADD b
SWP d
SWP d
SWP e
LOAD 306
SWP b
RST a
SHL a
INC a
SHL a
INC a
SHL a
SHL a
SHL a
INC a
SHL a
SHL a
INC a
SHL a
ADD b
SWP b
SWP e
RSTORE b
LOAD 304
SWP b
RST a
ADD b
SWP b
RLOAD b
SWP b
LOAD 305
SWP b
RST a
ADD b
SWP b
RLOAD b
ADD b
SWP d
SWP d
SWP e
LOAD 306
SWP b
RST a
ADD b
SWP b
SWP e
RSTORE b
LOAD 304
SWP b
RST a
SHL a
INC a
SHL a
INC a
SHL a
SHL a
SHL a
INC a
SHL a
SHL a
INC a
ADD b
SWP b
RLOAD b
SWP c
LOAD 306
SWP b
RST a
SHL a
INC a
SHL a
INC a
SHL a
SHL a
SHL a
INC a
SHL a
SHL a
INC a
SHL a
ADD b
SWP b
RLOAD b
SWP d
RST e
RST a
ADD c
JZERO 297
SWP a
SWP f
SHR a
SWP a
SHL a
SWP b
RST a
ADD f
SUB b
JZERO 288
RST a
ADD e
ADD d
SWP e
RST a
ADD d
SHL a
SWP d
RST a
ADD f
SHR a
SWP c
JUMP 271
RST a
ADD e
SWP d
SWP d
SWP e
LOAD 306
SWP b
RST a
SHL a
INC a
SHL a
INC a
SHL a
SHL a
SHL a
INC a
SHL a
SHL a
INC a
ADD b
SWP b
SWP e
RSTORE b
LOAD 306
INC a
STORE 306
JUMP 138
LOAD 303
SWP b
RST a
SHL a
INC a
SHL a
INC a
SHL a
SHL a
SHL a
INC a
SHL a
SHL a
INC a
ADD b
SWP b
RLOAD b
WRITE
LOAD 303
SWP b
RST a
ADD b
SWP b
RLOAD b
WRITE
HALT