JUMP 429
LOAD 0
SWP b
RLOAD b
SWP d
SWP d
STORE 5
LOAD 1
SWP b
RLOAD b
SWP d
SWP d
STORE 6
RST a
SHL a
INC a
SWP d
LOAD 2
SWP b
SWP d
RSTORE b
RST a
SWP d
LOAD 3
SWP b
SWP d
RSTORE b
LOAD 1
SWP b
RLOAD b
SWP d
SWP d
STORE 7
LOAD 0
SWP b
RLOAD b
SWP b
RST a
SHL a
INC a
SWP b
SUB b
SWP d
SWP d
STORE 8
LOAD 6
SWP c
RST a
SWP d
RST a
ADD d
SWP b
RST a
ADD c
SUB b
JPOS 422
JZERO 422
LOAD 5
SWP c
LOAD 6
SWP d
RST a
ADD d
JZERO 111
RST e
RST a
ADD c
SUB d
JZERO 100
JPOS 71
JUMP 100
RST a
ADD d
SWP f
RST g
INC g
RST a
ADD f
SHL a
SWP b
RST a
ADD c
SUB b
JPOS 86
JZERO 86
JUMP 91
RST a
ADD b
SWP f
SHL g
JUMP 76
RST a
ADD c
SUB f
SWP c
RST a
ADD e
ADD g
SWP e
JUMP 65
RST a
ADD c
SUB d
JPOS 108
JZERO 106
JUMP 108
RST c
INC e
RST a
ADD c
JUMP 112
RST a
SWP d
SWP d
STORE 9
LOAD 5
SWP c
LOAD 6
SWP d
RST a
ADD d
JZERO 169
RST e
RST a
ADD c
SUB d
JZERO 158
JPOS 129
JUMP 158
RST a
ADD d
SWP f
RST g
INC g
RST a
ADD f
SHL a
SWP b
RST a
ADD c
SUB b
JPOS 144
JZERO 144
JUMP 149
RST a
ADD b
SWP f
SHL g
JUMP 134
RST a
ADD c
SUB f
SWP c
RST a
ADD e
ADD g
SWP e
JUMP 123
RST a
ADD c
SUB d
JPOS 166
JZERO 164
JUMP 166
RST c
INC e
RST a
ADD e
JUMP 170
RST a
SWP d
SWP d
STORE 10
LOAD 6
SWP d
SWP d
STORE 5
LOAD 9
SWP d
SWP d
STORE 6
LOAD 7
SWP d
SWP d
STORE 11
LOAD 10
SWP c
LOAD 7
SWP d
RST e
RST a
ADD c
JZERO 216
SWP a
SWP f
SHR a
SWP a
SHL a
SWP b
RST a
ADD f
SUB b
JZERO 207
RST a
ADD e
ADD d
SWP e
RST a
ADD d
SHL a
SWP d
RST a
ADD f
SHR a
SWP c
JUMP 190
RST a
ADD e
SWP d
SWP d
STORE 13
LOAD 2
SWP b
RLOAD b
SWP c
LOAD 13
SWP d
RST a
ADD c
SWP b
RST a
ADD d
SUB b
JPOS 274
JZERO 274
LOAD 1
SWP b
RLOAD b
SWP c
LOAD 10
SWP d
RST e
RST a
ADD c
JZERO 268
SWP a
SWP f
SHR a
SWP a
SHL a
SWP b
RST a
ADD f
SUB b
JZERO 259
RST a
ADD e
ADD d
SWP e
RST a
ADD d
SHL a
SWP d
RST a
ADD f
SHR a
SWP c
JUMP 242
RST a
ADD e
SWP d
SWP d
STORE 7
JUMP 278
RST a
SWP d
SWP d
STORE 7
LOAD 7
SWP b
LOAD 2
SWP b
RLOAD b
ADD b
SWP d
SWP d
STORE 7
LOAD 7
SWP b
LOAD 13
SWP b
SUB b
SWP d
SWP d
STORE 7
LOAD 8
SWP d
SWP d
STORE 12
LOAD 10
SWP c
LOAD 8
SWP d
RST e
RST a
ADD c
JZERO 330
SWP a
SWP f
SHR a
SWP a
SHL a
SWP b
RST a
ADD f
SUB b
JZERO 321
RST a
ADD e
ADD d
SWP e
RST a
ADD d
SHL a
SWP d
RST a
ADD f
SHR a
SWP c
JUMP 304
RST a
ADD e
SWP d
SWP d
STORE 13
LOAD 3
SWP b
RLOAD b
SWP c
LOAD 13
SWP d
RST a
ADD c
SWP b
RST a
ADD d
SUB b
JPOS 388
JZERO 388
LOAD 0
SWP b
RLOAD b
SWP c
LOAD 10
SWP d
RST e
RST a
ADD c
JZERO 382
SWP a
SWP f
SHR a
SWP a
SHL a
SWP b
RST a
ADD f
SUB b
JZERO 373
RST a
ADD e
ADD d
SWP e
RST a
ADD d
SHL a
SWP d
RST a
ADD f
SHR a
SWP c
JUMP 356
RST a
ADD e
SWP d
SWP d
STORE 8
JUMP 392
RST a
SWP d
SWP d
STORE 8
LOAD 8
SWP b
LOAD 3
SWP b
RLOAD b
ADD b
SWP d
SWP d
STORE 8
LOAD 8
SWP b
LOAD 13
SWP b
SUB b
SWP d
SWP d
STORE 8
LOAD 11
SWP d
LOAD 2
SWP b
SWP d
RSTORE b
LOAD 12
SWP d
LOAD 3
SWP b
SWP d
RSTORE b
JUMP 45
LOAD 5
SWP d
LOAD 4
SWP b
SWP d
RSTORE b
RTRN
READ
SWP d
SWP d
STORE 14
READ
SWP d
SWP d
STORE 15
RST a
SHL a
INC a
SHL a
INC a
SHL a
INC a
SHL a
STORE 0
RST a
SHL a
INC a
SHL a
INC a
SHL a
INC a
SHL a
INC a
STORE 1
RST a
SHL a
INC a
SHL a
SHL a
SHL a
SHL a
STORE 2
RST a
SHL a
INC a
SHL a
SHL a
SHL a
SHL a
INC a
STORE 3
RST a
SHL a
INC a
SHL a
SHL a
SHL a
INC a
SHL a
STORE 4
CALL 1
LOAD 16
WRITE
LOAD 17
WRITE
LOAD 18
WRITE
HALT