JUMP 1
READ
SWP d
SWP d
STORE 0
READ
SWP d
SWP d
STORE 1
READ
SWP d
SWP d
STORE 2
RST a
SHL a
INC a
SHL a
INC a
SHL a
SHL a
INC a
SHL a
INC a
SHL a
SHL a
SHL a
SHL a
INC a
SHL a
INC a
SHL a
INC a
SHL a
INC a
SHL a
INC a
SHL a
SHL a
SHL a
INC a
SHL a
INC a
SWP d
SWP d
STORE 3
LOAD 3
SWP c
RST a
SHL a
INC a
SHL a
INC a
SHL a
SHL a
INC a
SHL a
INC a
SHL a
SHL a
SHL a
INC a
SHL a
SHL a
SHL a
SHL a
SHL a
SHL a
SHL a
INC a
SHL a
INC a
SHL a
SWP d
RST a
ADD c
SWP b
RST a
ADD d
SUB b
JPOS 199
RST a
SHL a
INC a
SHL a
INC a
SHL a
SHL a
INC a
SHL a
SHL a
SHL a
SHL a
INC a
SWP d
SWP d
STORE 4
LOAD 4
SWP c
RST a
SHL a
INC a
SHL a
INC a
SHL a
SHL a
SHL a
INC a
SHL a
SHL a
SHL a
SWP d
RST a
ADD d
SWP b
RST a
ADD c
SUB b
JPOS 182
RST a
SHL a
INC a
SHL a
SHL a
INC a
SHL a
INC a
SWP d
SWP d
STORE 5
LOAD 5
SWP c
RST a
SHL a
INC a
SHL a
SHL a
INC a
SHL a
SHL a
SWP d
RST a
ADD c
SWP b
RST a
ADD d
SUB b
JPOS 164
LOAD 0
SWP b
LOAD 5
ADD b
SWP d
SWP d
STORE 0
LOAD 5
SWP b
RST a
SHL a
INC a
ADD b
SWP d
SWP d
STORE 5
JUMP 129
LOAD 1
SWP b
LOAD 4
ADD b
SWP d
SWP d
STORE 1
LOAD 4
SWP b
RST a
SHL a
INC a
SWP b
SUB b
SWP d
SWP d
STORE 4
JUMP 96
LOAD 2
SWP b
LOAD 3
ADD b
SWP d
SWP d
STORE 2
LOAD 3
SWP b
RST a
SHL a
INC a
ADD b
SWP d
SWP d
STORE 3
JUMP 45
LOAD 0
WRITE
LOAD 1
WRITE
LOAD 2
WRITE
HALT