JUMP 1
READ
SWP d
SWP d
STORE 0
LOAD 0
SWP d
SWP d
STORE 1
LOAD 1
SWP b
LOAD 0
ADD b
SWP d
SWP d
STORE 2
LOAD 2
SWP b
LOAD 1
ADD b
SWP d
SWP d
STORE 3
LOAD 3
SWP b
LOAD 2
ADD b
SWP d
SWP d
STORE 4
LOAD 4
SWP b
LOAD 3
ADD b
SWP d
SWP d
STORE 5
LOAD 5
SWP b
LOAD 4
ADD b
SWP d
SWP d
STORE 6
LOAD 6
SWP b
LOAD 5
ADD b
SWP d
SWP d
STORE 7
LOAD 7
SWP b
LOAD 6
ADD b
SWP d
SWP d
STORE 8
LOAD 8
SWP b
LOAD 7
ADD b
SWP d
SWP d
STORE 9
LOAD 9
SWP b
LOAD 8
ADD b
SWP d
SWP d
STORE 10
LOAD 10
SWP b
LOAD 9
ADD b
SWP d
SWP d
STORE 11
LOAD 11
SWP b
LOAD 10
ADD b
SWP d
SWP d
STORE 12
LOAD 12
SWP b
LOAD 11
ADD b
SWP d
SWP d
STORE 13
LOAD 13
SWP b
LOAD 12
ADD b
SWP d
SWP d
STORE 14
LOAD 14
SWP b
LOAD 13
ADD b
SWP d
SWP d
STORE 15
LOAD 15
SWP b
LOAD 14
ADD b
SWP d
SWP d
STORE 16
LOAD 16
SWP b
LOAD 15
ADD b
SWP d
SWP d
STORE 17
LOAD 17
SWP b
LOAD 16
ADD b
SWP d
SWP d
STORE 18
LOAD 18
SWP b
LOAD 17
ADD b
SWP d
SWP d
STORE 19
LOAD 19
SWP b
LOAD 18
ADD b
SWP d
SWP d
STORE 20
LOAD 20
SWP b
LOAD 19
ADD b
SWP d
SWP d
STORE 21
LOAD 21
SWP b
LOAD 20
ADD b
SWP d
SWP d
STORE 22
LOAD 22
SWP b
LOAD 21
ADD b
SWP d
SWP d
STORE 23
LOAD 23
SWP b
LOAD 22
ADD b
SWP d
SWP d
STORE 24
LOAD 24
SWP b
LOAD 23
ADD b
SWP d
SWP d
STORE 25
LOAD 25
WRITE
HALT