JUMP 76
LOAD 0
SWP b
RLOAD b
SWP d
SWP d
STORE 3
LOAD 1
SWP b
RLOAD b
SWP d
SWP d
STORE 4
LOAD 4
SWP c
RST a
SWP d
RST a
ADD d
SWP b
RST a
ADD c
SUB b
JPOS 69
JZERO 69
LOAD 3
SWP c
LOAD 4
SWP d
RST a
ADD d
SWP b
RST a
ADD c
SUB b
JPOS 45
LOAD 3
SWP b
LOAD 4
SWP b
SUB b
SWP d
SWP d
STORE 3
JUMP 68
LOAD 3
SWP b
LOAD 4
ADD b
SWP d
SWP d
STORE 3
LOAD 3
SWP b
LOAD 4
SWP b
SUB b
SWP d
SWP d
STORE 4
LOAD 3
SWP b
LOAD 4
SWP b
SUB b
SWP d
SWP d
STORE 3
JUMP 13
LOAD 3
SWP d
LOAD 2
SWP b
SWP d
RSTORE b
RTRN
READ
SWP d
SWP d
STORE 5
READ
SWP d
SWP d
STORE 6
READ
SWP d
SWP d
STORE 7
READ
SWP d
SWP d
STORE 8
RST a
SHL a
INC a
SHL a
SHL a
INC a
STORE 0
RST a
SHL a
INC a
SHL a
INC a
SHL a
STORE 1
RST a
SHL a
INC a
SHL a
SHL a
SHL a
INC a
STORE 2
CALL 1
RST a
SHL a
INC a
SHL a
INC a
SHL a
INC a
STORE 0
RST a
SHL a
INC a
SHL a
SHL a
SHL a
STORE 1
RST a
SHL a
INC a
SHL a
SHL a
INC a
SHL a
STORE 2
CALL 1
RST a
SHL a
INC a
SHL a
SHL a
SHL a
INC a
STORE 0
RST a
SHL a
INC a
SHL a
SHL a
INC a
SHL a
STORE 1
RST a
SHL a
INC a
SHL a
SHL a
INC a
SHL a
INC a
STORE 2
CALL 1
LOAD 11
WRITE
HALT